  [4;36;1mSQL (0.3ms)[0m   [0;1m SELECT name
 FROM sqlite_master
 WHERE type = 'table' AND NOT name = 'sqlite_sequence'
[0m
  [4;35;1mSQL (0.2ms)[0m   [0mselect sqlite_version(*)[0m
  [4;36;1mSQL (7.0ms)[0m   [0;1mCREATE TABLE "schema_migrations" ("version" varchar(255) NOT NULL) [0m
  [4;35;1mSQL (3.0ms)[0m   [0mCREATE UNIQUE INDEX "unique_schema_migrations" ON "schema_migrations" ("version")[0m
  [4;36;1mSQL (0.2ms)[0m   [0;1m SELECT name
 FROM sqlite_master
 WHERE type = 'table' AND NOT name = 'sqlite_sequence'
[0m
  [4;35;1mSQL (0.1ms)[0m   [0mSELECT version FROM schema_migrations[0m
Migrating to CreateContacts (20091025184914)
  [4;36;1mSQL (0.6ms)[0m   [0;1mCREATE TABLE "contacts" ("id" INTEGER PRIMARY KEY AUTOINCREMENT NOT NULL, "first_name" varchar(255), "surname" varchar(255), "email" varchar(255), "gg" integer, "homepage" varchar(255), "phone" varchar(255), "city" varchar(255), "street" varchar(255), "post_code" varchar(255), "created_at" datetime, "updated_at" datetime) [0m
  [4;35;1mSQL (0.2ms)[0m   [0mINSERT INTO schema_migrations (version) VALUES ('20091025184914')[0m
  [4;36;1mSQL (0.3ms)[0m   [0;1m SELECT name
 FROM sqlite_master
 WHERE type = 'table' AND NOT name = 'sqlite_sequence'
[0m
  [4;35;1mSQL (0.2ms)[0m   [0mSELECT version FROM schema_migrations[0m
  [4;36;1mSQL (0.2ms)[0m   [0;1m SELECT name
 FROM sqlite_master
 WHERE type = 'table' AND NOT name = 'sqlite_sequence'
[0m
  [4;35;1mSQL (0.1ms)[0m   [0mPRAGMA index_list("contacts")[0m


Processing ContactsController#index (for 127.0.0.1 at 2009-10-25 19:50:17) [GET]
  [4;36;1mContact Load (0.8ms)[0m   [0;1mSELECT * FROM "contacts" [0m
Rendering template within layouts/contacts
Rendering contacts/index
Completed in 98ms (View: 83, DB: 1) | 200 OK [http://localhost/contacts]


Processing ContactsController#new (for 127.0.0.1 at 2009-10-25 19:50:23) [GET]
Rendering template within layouts/contacts
Rendering contacts/new
Completed in 41ms (View: 28, DB: 0) | 200 OK [http://localhost/contacts/new]


Processing ContactsController#index (for 127.0.0.1 at 2009-10-25 19:51:20) [GET]
  [4;35;1mContact Load (0.6ms)[0m   [0mSELECT * FROM "contacts" [0m
Rendering template within layouts/application
Rendering contacts/index
Rendered layouts/_menu (0.6ms)
Rendered layouts/_last (0.8ms)
Completed in 54ms (View: 44, DB: 1) | 200 OK [http://localhost/contacts]
